<?xml version="1.0" encoding="UTF-8"?>
<!-- Generated by org.testng.reporters.JUnitXMLReporter -->
<testsuite ignored="34" hostname="DESKTOP-CI5RA8I" failures="0" tests="1" name="Default test" time="24.878" errors="0" timestamp="2024-01-19T12:56:40 IST">
  <testcase classname="com.Tricentis.TestScripts.US001_TestCases" name="TestCase1" time="1.383"/>
  <testcase classname="com.Tricentis.TestScripts.US001_TestCases" name="TestCase28" time="0.0">
    <ignored/>
  </testcase> <!-- TestCase28 -->
  <testcase classname="com.Tricentis.TestScripts.US001_TestCases" name="TestCase27" time="0.0">
    <ignored/>
  </testcase> <!-- TestCase27 -->
  <testcase classname="com.Tricentis.TestScripts.US001_TestCases" name="TestCase9" time="0.0">
    <ignored/>
  </testcase> <!-- TestCase9 -->
  <testcase classname="com.Tricentis.TestScripts.US001_TestCases" name="TestCase29" time="0.0">
    <ignored/>
  </testcase> <!-- TestCase29 -->
  <testcase classname="com.Tricentis.TestScripts.US001_TestCases" name="TestCase20" time="0.0">
    <ignored/>
  </testcase> <!-- TestCase20 -->
  <testcase classname="com.Tricentis.TestScripts.US001_TestCases" name="TestCase3" time="0.0">
    <ignored/>
  </testcase> <!-- TestCase3 -->
  <testcase classname="com.Tricentis.TestScripts.US001_TestCases" name="TestCase30" time="0.0">
    <ignored/>
  </testcase> <!-- TestCase30 -->
  <testcase classname="com.Tricentis.TestScripts.US001_TestCases" name="TestCase4" time="0.0">
    <ignored/>
  </testcase> <!-- TestCase4 -->
  <testcase classname="com.Tricentis.TestScripts.US001_TestCases" name="TestCase22" time="0.0">
    <ignored/>
  </testcase> <!-- TestCase22 -->
  <testcase classname="com.Tricentis.TestScripts.US001_TestCases" name="TestCase21" time="0.0">
    <ignored/>
  </testcase> <!-- TestCase21 -->
  <testcase classname="com.Tricentis.TestScripts.US001_TestCases" name="TestCase2" time="0.0">
    <ignored/>
  </testcase> <!-- TestCase2 -->
  <testcase classname="com.Tricentis.TestScripts.US001_TestCases" name="TestCase24" time="0.0">
    <ignored/>
  </testcase> <!-- TestCase24 -->
  <testcase classname="com.Tricentis.TestScripts.US001_TestCases" name="TestCase7" time="0.0">
    <ignored/>
  </testcase> <!-- TestCase7 -->
  <testcase classname="com.Tricentis.TestScripts.US001_TestCases" name="TestCase8" time="0.0">
    <ignored/>
  </testcase> <!-- TestCase8 -->
  <testcase classname="com.Tricentis.TestScripts.US001_TestCases" name="TestCase23" time="0.0">
    <ignored/>
  </testcase> <!-- TestCase23 -->
  <testcase classname="com.Tricentis.TestScripts.US001_TestCases" name="TestCase26" time="0.0">
    <ignored/>
  </testcase> <!-- TestCase26 -->
  <testcase classname="com.Tricentis.TestScripts.US001_TestCases" name="TestCase5" time="0.0">
    <ignored/>
  </testcase> <!-- TestCase5 -->
  <testcase classname="com.Tricentis.TestScripts.US001_TestCases" name="TestCase25" time="0.0">
    <ignored/>
  </testcase> <!-- TestCase25 -->
  <testcase classname="com.Tricentis.TestScripts.US001_TestCases" name="TestCase6" time="0.0">
    <ignored/>
  </testcase> <!-- TestCase6 -->
  <testcase classname="com.Tricentis.TestScripts.US001_TestCases" name="TestCase17" time="0.0">
    <ignored/>
  </testcase> <!-- TestCase17 -->
  <testcase classname="com.Tricentis.TestScripts.US001_TestCases" name="TestCase16" time="0.0">
    <ignored/>
  </testcase> <!-- TestCase16 -->
  <testcase classname="com.Tricentis.TestScripts.US001_TestCases" name="TestCase19" time="0.0">
    <ignored/>
  </testcase> <!-- TestCase19 -->
  <testcase classname="com.Tricentis.TestScripts.US001_TestCases" name="TestCase18" time="0.0">
    <ignored/>
  </testcase> <!-- TestCase18 -->
  <testcase classname="com.Tricentis.TestScripts.US001_TestCases" name="TestCase31" time="0.0">
    <ignored/>
  </testcase> <!-- TestCase31 -->
  <testcase classname="com.Tricentis.TestScripts.US001_TestCases" name="TestCase11" time="0.0">
    <ignored/>
  </testcase> <!-- TestCase11 -->
  <testcase classname="com.Tricentis.TestScripts.US001_TestCases" name="TestCase33" time="0.0">
    <ignored/>
  </testcase> <!-- TestCase33 -->
  <testcase classname="com.Tricentis.TestScripts.US001_TestCases" name="TestCase10" time="0.0">
    <ignored/>
  </testcase> <!-- TestCase10 -->
  <testcase classname="com.Tricentis.TestScripts.US001_TestCases" name="TestCase32" time="0.0">
    <ignored/>
  </testcase> <!-- TestCase32 -->
  <testcase classname="com.Tricentis.TestScripts.US001_TestCases" name="TestCase13" time="0.0">
    <ignored/>
  </testcase> <!-- TestCase13 -->
  <testcase classname="com.Tricentis.TestScripts.US001_TestCases" name="TestCase12" time="0.0">
    <ignored/>
  </testcase> <!-- TestCase12 -->
  <testcase classname="com.Tricentis.TestScripts.US001_TestCases" name="TestCase34" time="0.0">
    <ignored/>
  </testcase> <!-- TestCase34 -->
  <testcase classname="com.Tricentis.TestScripts.US001_TestCases" name="TestCase15" time="0.0">
    <ignored/>
  </testcase> <!-- TestCase15 -->
  <testcase classname="com.Tricentis.TestScripts.US001_TestCases" name="TestCase14" time="0.0">
    <ignored/>
  </testcase> <!-- TestCase14 -->
  <testcase classname="com.Tricentis.TestScripts.US001_TestCases" name="DefectTest" time="0.0">
    <ignored/>
  </testcase> <!-- DefectTest -->
</testsuite> <!-- Default test -->
