<?xml version="1.0" encoding="UTF-8"?>
<!-- Generated by org.testng.reporters.JUnitXMLReporter -->
<testsuite ignored="0" hostname="DESKTOP-CI5RA8I" failures="0" tests="69" name="Test" time="1745.647" errors="0" timestamp="2024-01-19T15:05:27 IST">
  <testcase classname="com.Tricentis.TestScripts.US001_TestCases" name="TestCase1" time="3.223"/>
  <testcase classname="com.Tricentis.TestScripts.US001_TestCases" name="TestCase2" time="1.879"/>
  <testcase classname="com.Tricentis.TestScripts.US001_TestCases" name="TestCase3" time="2.316"/>
  <testcase classname="com.Tricentis.TestScripts.US001_TestCases" name="TestCase4" time="1.664"/>
  <testcase classname="com.Tricentis.TestScripts.US001_TestCases" name="TestCase5" time="2.15"/>
  <testcase classname="com.Tricentis.TestScripts.US001_TestCases" name="TestCase6" time="2.084"/>
  <testcase classname="com.Tricentis.TestScripts.US001_TestCases" name="TestCase7" time="3.305"/>
  <testcase classname="com.Tricentis.TestScripts.US001_TestCases" name="TestCase8" time="2.206"/>
  <testcase classname="com.Tricentis.TestScripts.US001_TestCases" name="TestCase9" time="1.921"/>
  <testcase classname="com.Tricentis.TestScripts.US001_TestCases" name="TestCase10" time="17.456"/>
  <testcase classname="com.Tricentis.TestScripts.US001_TestCases" name="TestCase11" time="2.334"/>
  <testcase classname="com.Tricentis.TestScripts.US001_TestCases" name="TestCase12" time="3.251"/>
  <testcase classname="com.Tricentis.TestScripts.US001_TestCases" name="TestCase13" time="1.989"/>
  <testcase classname="com.Tricentis.TestScripts.US001_TestCases" name="TestCase14" time="2.013"/>
  <testcase classname="com.Tricentis.TestScripts.US001_TestCases" name="TestCase15" time="3.342"/>
  <testcase classname="com.Tricentis.TestScripts.US001_TestCases" name="TestCase16" time="2.017"/>
  <testcase classname="com.Tricentis.TestScripts.US001_TestCases" name="TestCase17" time="3.024"/>
  <testcase classname="com.Tricentis.TestScripts.US001_TestCases" name="TestCase18" time="2.812"/>
  <testcase classname="com.Tricentis.TestScripts.US001_TestCases" name="TestCase19" time="1.75"/>
  <testcase classname="com.Tricentis.TestScripts.US001_TestCases" name="TestCase20" time="2.252"/>
  <testcase classname="com.Tricentis.TestScripts.US001_TestCases" name="TestCase21" time="3.388"/>
  <testcase classname="com.Tricentis.TestScripts.US001_TestCases" name="TestCase22" time="2.506"/>
  <testcase classname="com.Tricentis.TestScripts.US001_TestCases" name="TestCase23" time="1.994"/>
  <testcase classname="com.Tricentis.TestScripts.US001_TestCases" name="TestCase24" time="2.739"/>
  <testcase classname="com.Tricentis.TestScripts.US001_TestCases" name="TestCase25" time="2.151"/>
  <testcase classname="com.Tricentis.TestScripts.US001_TestCases" name="TestCase26" time="1.622"/>
  <testcase classname="com.Tricentis.TestScripts.US001_TestCases" name="TestCase27" time="3.27"/>
  <testcase classname="com.Tricentis.TestScripts.US001_TestCases" name="TestCase28" time="3.047"/>
  <testcase classname="com.Tricentis.TestScripts.US001_TestCases" name="TestCase29" time="2.16"/>
  <testcase classname="com.Tricentis.TestScripts.US001_TestCases" name="TestCase30" time="2.582"/>
  <testcase classname="com.Tricentis.TestScripts.US001_TestCases" name="TestCase31" time="14.042"/>
  <testcase classname="com.Tricentis.TestScripts.US001_TestCases" name="TestCase32" time="2.484"/>
  <testcase classname="com.Tricentis.TestScripts.US001_TestCases" name="TestCase33" time="13.996"/>
  <testcase classname="com.Tricentis.TestScripts.US001_TestCases" name="TestCase34" time="2.742"/>
  <testcase classname="com.Tricentis.TestScripts.US001_TestCases" name="DefectTest" time="21.699"/>
  <testcase classname="com.Tricentis.TestScripts.US002_TestCases" name="US002_TS001" time="3.201"/>
  <testcase classname="com.Tricentis.TestScripts.US002_TestCases" name="US002_TS002" time="4.752"/>
  <testcase classname="com.Tricentis.TestScripts.US002_TestCases" name="US002_TC003_verifyRed" time="1.91"/>
  <testcase classname="com.Tricentis.TestScripts.US002_TestCases" name="US002_TC003_verifyBlueTick" time="3.467"/>
  <testcase classname="com.Tricentis.TestScripts.US002_TestCases" name="US002_TC004_verifyRed" time="25.626"/>
  <testcase classname="com.Tricentis.TestScripts.US002_TestCases" name="US002_TC004_verifyBlueTick" time="2.097"/>
  <testcase classname="com.Tricentis.TestScripts.US002_TestCases" name="US_002_TS_005" time="3.493"/>
  <testcase classname="com.Tricentis.TestScripts.US002_TestCases" name="US_002_TS_006TextFieldcolorRed" time="26.834"/>
  <testcase classname="com.Tricentis.TestScripts.US002_TestCases" name="US_002_TS_006TextFieldBlueWithTick" time="2.278"/>
  <testcase classname="com.Tricentis.TestScripts.US002_TestCases" name="US_002_TS_007" time="3.453"/>
  <testcase classname="com.Tricentis.TestScripts.US002_TestCases" name="US_002_TS_008TextFieldcolorRed" time="2.63"/>
  <testcase classname="com.Tricentis.TestScripts.US002_TestCases" name="US_002_TS_008TextFieldBlueWithTick" time="1.91"/>
  <testcase classname="com.Tricentis.TestScripts.US002_TestCases" name="US_002_TS_009" time="3.15"/>
  <testcase classname="com.Tricentis.TestScripts.US002_TestCases" name="US_002_TS_010TextFieldcolorRed" time="22.309"/>
  <testcase classname="com.Tricentis.TestScripts.US002_TestCases" name="US_002_TS_010TextFieldBlueWithTick" time="2.635"/>
  <testcase classname="com.Tricentis.TestScripts.US002_TestCases" name="US002_TC011_verifyRed" time="2.212"/>
  <testcase classname="com.Tricentis.TestScripts.US002_TestCases" name="US002_TC011_verifyBlueTick" time="2.143"/>
  <testcase classname="com.Tricentis.TestScripts.US002_TestCases" name="US_002_TS_012" time="3.599"/>
  <testcase classname="com.Tricentis.TestScripts.US002_TestCases" name="US_002_TS_013TextFieldcolorRed" time="22.341"/>
  <testcase classname="com.Tricentis.TestScripts.US002_TestCases" name="US_002_TS_013TextFieldBlueWithTick" time="22.451"/>
  <testcase classname="com.Tricentis.TestScripts.US002_TestCases" name="US_002_TS_014" time="3.658"/>
  <testcase classname="com.Tricentis.TestScripts.US002_TestCases" name="US_002_TS_015TextFieldcolorRed" time="2.61"/>
  <testcase classname="com.Tricentis.TestScripts.US002_TestCases" name="US_002_TS_015TextFieldBlueWithTick" time="3.145"/>
  <testcase classname="com.Tricentis.TestScripts.US002_TestCases" name="US_002_TS_016" time="5.454"/>
  <testcase classname="com.Tricentis.TestScripts.US002_TestCases" name="US002_TS017" time="22.534"/>
  <testcase classname="com.Tricentis.TestScripts.US004_TestCases" name="TC_001" time="24.283"/>
  <testcase classname="com.Tricentis.TestScripts.US004_TestCases" name="TC_002" time="1.659"/>
  <testcase classname="com.Tricentis.TestScripts.US004_TestCases" name="TC_003" time="1.993"/>
  <testcase classname="com.Tricentis.TestScripts.US004_TestCases" name="TC_004" time="20.276"/>
  <testcase classname="com.Tricentis.TestScripts.US004_TestCases" name="TC_005" time="22.214"/>
  <testcase classname="com.Tricentis.TestScripts.US004_TestCases" name="TC_006" time="2.794"/>
  <testcase classname="com.Tricentis.TestScripts.US004_TestCases" name="TC_007" time="2.916"/>
  <testcase classname="com.Tricentis.TestScripts.US004_TestCases" name="TC_008" time="22.761"/>
  <testcase classname="com.Tricentis.TestScripts.US004_TestCases" name="TC_009" time="6.245"/>
</testsuite> <!-- Test -->
