<?xml version="1.0" encoding="UTF-8"?>
<testng-results ignored="0" total="69" passed="69" failed="0" skipped="0">
  <reporter-output>
  </reporter-output>
  <suite started-at="2024-01-19T14:36:21 IST" name="Suite" finished-at="2024-01-19T15:05:27 IST" duration-ms="1745647">
    <groups>
    </groups>
    <test started-at="2024-01-19T14:36:21 IST" name="Test" finished-at="2024-01-19T15:05:27 IST" duration-ms="1745647">
      <class name="com.Tricentis.TestScripts.US004_TestCases">
        <test-method is-config="true" signature="reports()[pri:0, instance:com.Tricentis.TestScripts.US004_TestCases@2a693f59]" started-at="2024-01-19T14:36:21 IST" name="reports" finished-at="2024-01-19T14:36:21 IST" duration-ms="14" status="PASS">
          <reporter-output>
          </reporter-output>
        </test-method> <!-- reports -->
        <test-method is-config="true" signature="launch()[pri:0, instance:com.Tricentis.TestScripts.US004_TestCases@2a693f59]" started-at="2024-01-19T15:01:20 IST" name="launch" finished-at="2024-01-19T15:01:26 IST" duration-ms="5838" status="PASS">
          <reporter-output>
          </reporter-output>
        </test-method> <!-- launch -->
        <test-method signature="TC_001()[pri:0, instance:com.Tricentis.TestScripts.US004_TestCases@2a693f59]" started-at="2024-01-19T15:01:26 IST" name="TC_001" finished-at="2024-01-19T15:01:51 IST" duration-ms="24283" status="PASS">
          <reporter-output>
          </reporter-output>
        </test-method> <!-- TC_001 -->
        <test-method is-config="true" signature="teardwn()[pri:0, instance:com.Tricentis.TestScripts.US004_TestCases@2a693f59]" started-at="2024-01-19T15:01:51 IST" name="teardwn" finished-at="2024-01-19T15:01:51 IST" duration-ms="277" status="PASS">
          <reporter-output>
          </reporter-output>
        </test-method> <!-- teardwn -->
        <test-method is-config="true" signature="launch()[pri:0, instance:com.Tricentis.TestScripts.US004_TestCases@2a693f59]" started-at="2024-01-19T15:01:51 IST" name="launch" finished-at="2024-01-19T15:02:15 IST" duration-ms="23926" status="PASS">
          <reporter-output>
          </reporter-output>
        </test-method> <!-- launch -->
        <test-method signature="TC_002()[pri:1, instance:com.Tricentis.TestScripts.US004_TestCases@2a693f59]" started-at="2024-01-19T15:02:15 IST" name="TC_002" finished-at="2024-01-19T15:02:16 IST" duration-ms="1659" status="PASS">
          <reporter-output>
          </reporter-output>
        </test-method> <!-- TC_002 -->
        <test-method is-config="true" signature="teardwn()[pri:0, instance:com.Tricentis.TestScripts.US004_TestCases@2a693f59]" started-at="2024-01-19T15:02:16 IST" name="teardwn" finished-at="2024-01-19T15:02:17 IST" duration-ms="287" status="PASS">
          <reporter-output>
          </reporter-output>
        </test-method> <!-- teardwn -->
        <test-method is-config="true" signature="launch()[pri:0, instance:com.Tricentis.TestScripts.US004_TestCases@2a693f59]" started-at="2024-01-19T15:02:17 IST" name="launch" finished-at="2024-01-19T15:02:34 IST" duration-ms="16781" status="PASS">
          <reporter-output>
          </reporter-output>
        </test-method> <!-- launch -->
        <test-method signature="TC_003()[pri:2, instance:com.Tricentis.TestScripts.US004_TestCases@2a693f59]" started-at="2024-01-19T15:02:34 IST" name="TC_003" finished-at="2024-01-19T15:02:36 IST" duration-ms="1993" status="PASS">
          <reporter-output>
          </reporter-output>
        </test-method> <!-- TC_003 -->
        <test-method is-config="true" signature="teardwn()[pri:0, instance:com.Tricentis.TestScripts.US004_TestCases@2a693f59]" started-at="2024-01-19T15:02:36 IST" name="teardwn" finished-at="2024-01-19T15:02:36 IST" duration-ms="270" status="PASS">
          <reporter-output>
          </reporter-output>
        </test-method> <!-- teardwn -->
        <test-method is-config="true" signature="launch()[pri:0, instance:com.Tricentis.TestScripts.US004_TestCases@2a693f59]" started-at="2024-01-19T15:02:36 IST" name="launch" finished-at="2024-01-19T15:02:41 IST" duration-ms="5632" status="PASS">
          <reporter-output>
          </reporter-output>
        </test-method> <!-- launch -->
        <test-method signature="TC_004()[pri:3, instance:com.Tricentis.TestScripts.US004_TestCases@2a693f59]" started-at="2024-01-19T15:02:41 IST" name="TC_004" finished-at="2024-01-19T15:03:02 IST" duration-ms="20276" status="PASS">
          <reporter-output>
          </reporter-output>
        </test-method> <!-- TC_004 -->
        <test-method is-config="true" signature="teardwn()[pri:0, instance:com.Tricentis.TestScripts.US004_TestCases@2a693f59]" started-at="2024-01-19T15:03:02 IST" name="teardwn" finished-at="2024-01-19T15:03:02 IST" duration-ms="332" status="PASS">
          <reporter-output>
          </reporter-output>
        </test-method> <!-- teardwn -->
        <test-method is-config="true" signature="launch()[pri:0, instance:com.Tricentis.TestScripts.US004_TestCases@2a693f59]" started-at="2024-01-19T15:03:02 IST" name="launch" finished-at="2024-01-19T15:03:12 IST" duration-ms="10069" status="PASS">
          <reporter-output>
          </reporter-output>
        </test-method> <!-- launch -->
        <test-method signature="TC_005()[pri:4, instance:com.Tricentis.TestScripts.US004_TestCases@2a693f59]" started-at="2024-01-19T15:03:12 IST" name="TC_005" finished-at="2024-01-19T15:03:34 IST" duration-ms="22214" status="PASS">
          <reporter-output>
          </reporter-output>
        </test-method> <!-- TC_005 -->
        <test-method is-config="true" signature="teardwn()[pri:0, instance:com.Tricentis.TestScripts.US004_TestCases@2a693f59]" started-at="2024-01-19T15:03:34 IST" name="teardwn" finished-at="2024-01-19T15:03:35 IST" duration-ms="498" status="PASS">
          <reporter-output>
          </reporter-output>
        </test-method> <!-- teardwn -->
        <test-method is-config="true" signature="launch()[pri:0, instance:com.Tricentis.TestScripts.US004_TestCases@2a693f59]" started-at="2024-01-19T15:03:35 IST" name="launch" finished-at="2024-01-19T15:03:50 IST" duration-ms="14757" status="PASS">
          <reporter-output>
          </reporter-output>
        </test-method> <!-- launch -->
        <test-method signature="TC_006()[pri:5, instance:com.Tricentis.TestScripts.US004_TestCases@2a693f59]" started-at="2024-01-19T15:03:50 IST" name="TC_006" finished-at="2024-01-19T15:03:52 IST" duration-ms="2794" status="PASS">
          <reporter-output>
          </reporter-output>
        </test-method> <!-- TC_006 -->
        <test-method is-config="true" signature="teardwn()[pri:0, instance:com.Tricentis.TestScripts.US004_TestCases@2a693f59]" started-at="2024-01-19T15:03:52 IST" name="teardwn" finished-at="2024-01-19T15:03:53 IST" duration-ms="346" status="PASS">
          <reporter-output>
          </reporter-output>
        </test-method> <!-- teardwn -->
        <test-method is-config="true" signature="launch()[pri:0, instance:com.Tricentis.TestScripts.US004_TestCases@2a693f59]" started-at="2024-01-19T15:03:53 IST" name="launch" finished-at="2024-01-19T15:04:13 IST" duration-ms="20144" status="PASS">
          <reporter-output>
          </reporter-output>
        </test-method> <!-- launch -->
        <test-method signature="TC_007()[pri:6, instance:com.Tricentis.TestScripts.US004_TestCases@2a693f59]" started-at="2024-01-19T15:04:13 IST" name="TC_007" finished-at="2024-01-19T15:04:16 IST" duration-ms="2916" status="PASS">
          <reporter-output>
          </reporter-output>
        </test-method> <!-- TC_007 -->
        <test-method is-config="true" signature="teardwn()[pri:0, instance:com.Tricentis.TestScripts.US004_TestCases@2a693f59]" started-at="2024-01-19T15:04:16 IST" name="teardwn" finished-at="2024-01-19T15:04:16 IST" duration-ms="265" status="PASS">
          <reporter-output>
          </reporter-output>
        </test-method> <!-- teardwn -->
        <test-method is-config="true" signature="launch()[pri:0, instance:com.Tricentis.TestScripts.US004_TestCases@2a693f59]" started-at="2024-01-19T15:04:16 IST" name="launch" finished-at="2024-01-19T15:04:33 IST" duration-ms="17197" status="PASS">
          <reporter-output>
          </reporter-output>
        </test-method> <!-- launch -->
        <test-method signature="TC_008()[pri:7, instance:com.Tricentis.TestScripts.US004_TestCases@2a693f59]" started-at="2024-01-19T15:04:33 IST" name="TC_008" finished-at="2024-01-19T15:04:56 IST" duration-ms="22761" status="PASS">
          <reporter-output>
          </reporter-output>
        </test-method> <!-- TC_008 -->
        <test-method is-config="true" signature="teardwn()[pri:0, instance:com.Tricentis.TestScripts.US004_TestCases@2a693f59]" started-at="2024-01-19T15:04:56 IST" name="teardwn" finished-at="2024-01-19T15:04:57 IST" duration-ms="556" status="PASS">
          <reporter-output>
          </reporter-output>
        </test-method> <!-- teardwn -->
        <test-method is-config="true" signature="launch()[pri:0, instance:com.Tricentis.TestScripts.US004_TestCases@2a693f59]" started-at="2024-01-19T15:04:57 IST" name="launch" finished-at="2024-01-19T15:05:20 IST" duration-ms="23680" status="PASS">
          <reporter-output>
          </reporter-output>
        </test-method> <!-- launch -->
        <test-method signature="TC_009()[pri:8, instance:com.Tricentis.TestScripts.US004_TestCases@2a693f59]" started-at="2024-01-19T15:05:20 IST" name="TC_009" finished-at="2024-01-19T15:05:27 IST" duration-ms="6245" status="PASS">
          <reporter-output>
          </reporter-output>
        </test-method> <!-- TC_009 -->
        <test-method is-config="true" signature="teardwn()[pri:0, instance:com.Tricentis.TestScripts.US004_TestCases@2a693f59]" started-at="2024-01-19T15:05:27 IST" name="teardwn" finished-at="2024-01-19T15:05:27 IST" duration-ms="418" status="PASS">
          <reporter-output>
          </reporter-output>
        </test-method> <!-- teardwn -->
        <test-method is-config="true" signature="FlushReoprts()[pri:0, instance:com.Tricentis.TestScripts.US004_TestCases@2a693f59]" started-at="2024-01-19T15:05:28 IST" name="FlushReoprts" finished-at="2024-01-19T15:05:28 IST" duration-ms="62" status="PASS">
          <reporter-output>
          </reporter-output>
        </test-method> <!-- FlushReoprts -->
      </class> <!-- com.Tricentis.TestScripts.US004_TestCases -->
      <class name="com.Tricentis.TestScripts.US002_TestCases">
        <test-method is-config="true" signature="reports()[pri:0, instance:com.Tricentis.TestScripts.US002_TestCases@548a24a]" started-at="2024-01-19T14:36:21 IST" name="reports" finished-at="2024-01-19T14:36:21 IST" duration-ms="8" status="PASS">
          <reporter-output>
          </reporter-output>
        </test-method> <!-- reports -->
        <test-method is-config="true" signature="launch()[pri:0, instance:com.Tricentis.TestScripts.US002_TestCases@548a24a]" started-at="2024-01-19T14:49:48 IST" name="launch" finished-at="2024-01-19T14:50:08 IST" duration-ms="20333" status="PASS">
          <reporter-output>
          </reporter-output>
        </test-method> <!-- launch -->
        <test-method signature="US002_TS001()[pri:1, instance:com.Tricentis.TestScripts.US002_TestCases@548a24a]" started-at="2024-01-19T14:50:08 IST" name="US002_TS001" finished-at="2024-01-19T14:50:11 IST" duration-ms="3201" status="PASS">
          <reporter-output>
          </reporter-output>
        </test-method> <!-- US002_TS001 -->
        <test-method is-config="true" signature="teardwn()[pri:0, instance:com.Tricentis.TestScripts.US002_TestCases@548a24a]" started-at="2024-01-19T14:50:11 IST" name="teardwn" finished-at="2024-01-19T14:50:12 IST" duration-ms="297" status="PASS">
          <reporter-output>
          </reporter-output>
        </test-method> <!-- teardwn -->
        <test-method is-config="true" signature="launch()[pri:0, instance:com.Tricentis.TestScripts.US002_TestCases@548a24a]" started-at="2024-01-19T14:50:12 IST" name="launch" finished-at="2024-01-19T14:50:30 IST" duration-ms="18239" status="PASS">
          <reporter-output>
          </reporter-output>
        </test-method> <!-- launch -->
        <test-method signature="US002_TS002()[pri:2, instance:com.Tricentis.TestScripts.US002_TestCases@548a24a]" started-at="2024-01-19T14:50:30 IST" name="US002_TS002" finished-at="2024-01-19T14:50:35 IST" duration-ms="4752" status="PASS">
          <reporter-output>
          </reporter-output>
        </test-method> <!-- US002_TS002 -->
        <test-method is-config="true" signature="teardwn()[pri:0, instance:com.Tricentis.TestScripts.US002_TestCases@548a24a]" started-at="2024-01-19T14:50:35 IST" name="teardwn" finished-at="2024-01-19T14:50:35 IST" duration-ms="220" status="PASS">
          <reporter-output>
          </reporter-output>
        </test-method> <!-- teardwn -->
        <test-method is-config="true" signature="launch()[pri:0, instance:com.Tricentis.TestScripts.US002_TestCases@548a24a]" started-at="2024-01-19T14:50:35 IST" name="launch" finished-at="2024-01-19T14:51:02 IST" duration-ms="26693" status="PASS">
          <reporter-output>
          </reporter-output>
        </test-method> <!-- launch -->
        <test-method signature="US002_TC003_verifyRed()[pri:3, instance:com.Tricentis.TestScripts.US002_TestCases@548a24a]" started-at="2024-01-19T14:51:02 IST" name="US002_TC003_verifyRed" finished-at="2024-01-19T14:51:03 IST" duration-ms="1910" status="PASS">
          <reporter-output>
          </reporter-output>
        </test-method> <!-- US002_TC003_verifyRed -->
        <test-method is-config="true" signature="teardwn()[pri:0, instance:com.Tricentis.TestScripts.US002_TestCases@548a24a]" started-at="2024-01-19T14:51:03 IST" name="teardwn" finished-at="2024-01-19T14:51:04 IST" duration-ms="262" status="PASS">
          <reporter-output>
          </reporter-output>
        </test-method> <!-- teardwn -->
        <test-method is-config="true" signature="launch()[pri:0, instance:com.Tricentis.TestScripts.US002_TestCases@548a24a]" started-at="2024-01-19T14:51:04 IST" name="launch" finished-at="2024-01-19T14:51:23 IST" duration-ms="19182" status="PASS">
          <reporter-output>
          </reporter-output>
        </test-method> <!-- launch -->
        <test-method signature="US002_TC003_verifyBlueTick()[pri:4, instance:com.Tricentis.TestScripts.US002_TestCases@548a24a]" started-at="2024-01-19T14:51:23 IST" name="US002_TC003_verifyBlueTick" finished-at="2024-01-19T14:51:26 IST" duration-ms="3467" status="PASS">
          <reporter-output>
          </reporter-output>
        </test-method> <!-- US002_TC003_verifyBlueTick -->
        <test-method is-config="true" signature="teardwn()[pri:0, instance:com.Tricentis.TestScripts.US002_TestCases@548a24a]" started-at="2024-01-19T14:51:26 IST" name="teardwn" finished-at="2024-01-19T14:51:27 IST" duration-ms="216" status="PASS">
          <reporter-output>
          </reporter-output>
        </test-method> <!-- teardwn -->
        <test-method is-config="true" signature="launch()[pri:0, instance:com.Tricentis.TestScripts.US002_TestCases@548a24a]" started-at="2024-01-19T14:51:27 IST" name="launch" finished-at="2024-01-19T14:51:32 IST" duration-ms="5890" status="PASS">
          <reporter-output>
          </reporter-output>
        </test-method> <!-- launch -->
        <test-method signature="US002_TC004_verifyRed()[pri:5, instance:com.Tricentis.TestScripts.US002_TestCases@548a24a]" started-at="2024-01-19T14:51:32 IST" name="US002_TC004_verifyRed" finished-at="2024-01-19T14:51:58 IST" duration-ms="25626" status="PASS">
          <reporter-output>
          </reporter-output>
        </test-method> <!-- US002_TC004_verifyRed -->
        <test-method is-config="true" signature="teardwn()[pri:0, instance:com.Tricentis.TestScripts.US002_TestCases@548a24a]" started-at="2024-01-19T14:51:58 IST" name="teardwn" finished-at="2024-01-19T14:51:59 IST" duration-ms="460" status="PASS">
          <reporter-output>
          </reporter-output>
        </test-method> <!-- teardwn -->
        <test-method is-config="true" signature="launch()[pri:0, instance:com.Tricentis.TestScripts.US002_TestCases@548a24a]" started-at="2024-01-19T14:51:59 IST" name="launch" finished-at="2024-01-19T14:52:22 IST" duration-ms="23848" status="PASS">
          <reporter-output>
          </reporter-output>
        </test-method> <!-- launch -->
        <test-method signature="US002_TC004_verifyBlueTick()[pri:6, instance:com.Tricentis.TestScripts.US002_TestCases@548a24a]" started-at="2024-01-19T14:52:22 IST" name="US002_TC004_verifyBlueTick" finished-at="2024-01-19T14:52:25 IST" duration-ms="2097" status="PASS">
          <reporter-output>
          </reporter-output>
        </test-method> <!-- US002_TC004_verifyBlueTick -->
        <test-method is-config="true" signature="teardwn()[pri:0, instance:com.Tricentis.TestScripts.US002_TestCases@548a24a]" started-at="2024-01-19T14:52:25 IST" name="teardwn" finished-at="2024-01-19T14:52:25 IST" duration-ms="199" status="PASS">
          <reporter-output>
          </reporter-output>
        </test-method> <!-- teardwn -->
        <test-method is-config="true" signature="launch()[pri:0, instance:com.Tricentis.TestScripts.US002_TestCases@548a24a]" started-at="2024-01-19T14:52:25 IST" name="launch" finished-at="2024-01-19T14:52:44 IST" duration-ms="19699" status="PASS">
          <reporter-output>
          </reporter-output>
        </test-method> <!-- launch -->
        <test-method signature="US_002_TS_005()[pri:7, instance:com.Tricentis.TestScripts.US002_TestCases@548a24a]" started-at="2024-01-19T14:52:44 IST" name="US_002_TS_005" finished-at="2024-01-19T14:52:48 IST" duration-ms="3493" status="PASS">
          <reporter-output>
          </reporter-output>
        </test-method> <!-- US_002_TS_005 -->
        <test-method is-config="true" signature="teardwn()[pri:0, instance:com.Tricentis.TestScripts.US002_TestCases@548a24a]" started-at="2024-01-19T14:52:48 IST" name="teardwn" finished-at="2024-01-19T14:52:48 IST" duration-ms="266" status="PASS">
          <reporter-output>
          </reporter-output>
        </test-method> <!-- teardwn -->
        <test-method is-config="true" signature="launch()[pri:0, instance:com.Tricentis.TestScripts.US002_TestCases@548a24a]" started-at="2024-01-19T14:52:48 IST" name="launch" finished-at="2024-01-19T14:52:54 IST" duration-ms="5742" status="PASS">
          <reporter-output>
          </reporter-output>
        </test-method> <!-- launch -->
        <test-method signature="US_002_TS_006TextFieldcolorRed()[pri:8, instance:com.Tricentis.TestScripts.US002_TestCases@548a24a]" started-at="2024-01-19T14:52:54 IST" name="US_002_TS_006TextFieldcolorRed" finished-at="2024-01-19T14:53:21 IST" duration-ms="26834" status="PASS">
          <reporter-output>
          </reporter-output>
        </test-method> <!-- US_002_TS_006TextFieldcolorRed -->
        <test-method is-config="true" signature="teardwn()[pri:0, instance:com.Tricentis.TestScripts.US002_TestCases@548a24a]" started-at="2024-01-19T14:53:21 IST" name="teardwn" finished-at="2024-01-19T14:53:21 IST" duration-ms="368" status="PASS">
          <reporter-output>
          </reporter-output>
        </test-method> <!-- teardwn -->
        <test-method is-config="true" signature="launch()[pri:0, instance:com.Tricentis.TestScripts.US002_TestCases@548a24a]" started-at="2024-01-19T14:53:21 IST" name="launch" finished-at="2024-01-19T14:53:44 IST" duration-ms="23072" status="PASS">
          <reporter-output>
          </reporter-output>
        </test-method> <!-- launch -->
        <test-method signature="US_002_TS_006TextFieldBlueWithTick()[pri:9, instance:com.Tricentis.TestScripts.US002_TestCases@548a24a]" started-at="2024-01-19T14:53:44 IST" name="US_002_TS_006TextFieldBlueWithTick" finished-at="2024-01-19T14:53:46 IST" duration-ms="2278" status="PASS">
          <reporter-output>
          </reporter-output>
        </test-method> <!-- US_002_TS_006TextFieldBlueWithTick -->
        <test-method is-config="true" signature="teardwn()[pri:0, instance:com.Tricentis.TestScripts.US002_TestCases@548a24a]" started-at="2024-01-19T14:53:46 IST" name="teardwn" finished-at="2024-01-19T14:53:47 IST" duration-ms="225" status="PASS">
          <reporter-output>
          </reporter-output>
        </test-method> <!-- teardwn -->
        <test-method is-config="true" signature="launch()[pri:0, instance:com.Tricentis.TestScripts.US002_TestCases@548a24a]" started-at="2024-01-19T14:53:47 IST" name="launch" finished-at="2024-01-19T14:54:14 IST" duration-ms="27084" status="PASS">
          <reporter-output>
          </reporter-output>
        </test-method> <!-- launch -->
        <test-method signature="US_002_TS_007()[pri:10, instance:com.Tricentis.TestScripts.US002_TestCases@548a24a]" started-at="2024-01-19T14:54:14 IST" name="US_002_TS_007" finished-at="2024-01-19T14:54:17 IST" duration-ms="3453" status="PASS">
          <reporter-output>
          </reporter-output>
        </test-method> <!-- US_002_TS_007 -->
        <test-method is-config="true" signature="teardwn()[pri:0, instance:com.Tricentis.TestScripts.US002_TestCases@548a24a]" started-at="2024-01-19T14:54:17 IST" name="teardwn" finished-at="2024-01-19T14:54:18 IST" duration-ms="377" status="PASS">
          <reporter-output>
          </reporter-output>
        </test-method> <!-- teardwn -->
        <test-method is-config="true" signature="launch()[pri:0, instance:com.Tricentis.TestScripts.US002_TestCases@548a24a]" started-at="2024-01-19T14:54:18 IST" name="launch" finished-at="2024-01-19T14:54:42 IST" duration-ms="24333" status="PASS">
          <reporter-output>
          </reporter-output>
        </test-method> <!-- launch -->
        <test-method signature="US_002_TS_008TextFieldcolorRed()[pri:11, instance:com.Tricentis.TestScripts.US002_TestCases@548a24a]" started-at="2024-01-19T14:54:42 IST" name="US_002_TS_008TextFieldcolorRed" finished-at="2024-01-19T14:54:45 IST" duration-ms="2630" status="PASS">
          <reporter-output>
          </reporter-output>
        </test-method> <!-- US_002_TS_008TextFieldcolorRed -->
        <test-method is-config="true" signature="teardwn()[pri:0, instance:com.Tricentis.TestScripts.US002_TestCases@548a24a]" started-at="2024-01-19T14:54:45 IST" name="teardwn" finished-at="2024-01-19T14:54:45 IST" duration-ms="351" status="PASS">
          <reporter-output>
          </reporter-output>
        </test-method> <!-- teardwn -->
        <test-method is-config="true" signature="launch()[pri:0, instance:com.Tricentis.TestScripts.US002_TestCases@548a24a]" started-at="2024-01-19T14:54:45 IST" name="launch" finished-at="2024-01-19T14:55:04 IST" duration-ms="19015" status="PASS">
          <reporter-output>
          </reporter-output>
        </test-method> <!-- launch -->
        <test-method signature="US_002_TS_008TextFieldBlueWithTick()[pri:12, instance:com.Tricentis.TestScripts.US002_TestCases@548a24a]" started-at="2024-01-19T14:55:04 IST" name="US_002_TS_008TextFieldBlueWithTick" finished-at="2024-01-19T14:55:06 IST" duration-ms="1910" status="PASS">
          <reporter-output>
          </reporter-output>
        </test-method> <!-- US_002_TS_008TextFieldBlueWithTick -->
        <test-method is-config="true" signature="teardwn()[pri:0, instance:com.Tricentis.TestScripts.US002_TestCases@548a24a]" started-at="2024-01-19T14:55:06 IST" name="teardwn" finished-at="2024-01-19T14:55:06 IST" duration-ms="429" status="PASS">
          <reporter-output>
          </reporter-output>
        </test-method> <!-- teardwn -->
        <test-method is-config="true" signature="launch()[pri:0, instance:com.Tricentis.TestScripts.US002_TestCases@548a24a]" started-at="2024-01-19T14:55:06 IST" name="launch" finished-at="2024-01-19T14:55:30 IST" duration-ms="23659" status="PASS">
          <reporter-output>
          </reporter-output>
        </test-method> <!-- launch -->
        <test-method signature="US_002_TS_009()[pri:13, instance:com.Tricentis.TestScripts.US002_TestCases@548a24a]" started-at="2024-01-19T14:55:30 IST" name="US_002_TS_009" finished-at="2024-01-19T14:55:33 IST" duration-ms="3150" status="PASS">
          <reporter-output>
          </reporter-output>
        </test-method> <!-- US_002_TS_009 -->
        <test-method is-config="true" signature="teardwn()[pri:0, instance:com.Tricentis.TestScripts.US002_TestCases@548a24a]" started-at="2024-01-19T14:55:33 IST" name="teardwn" finished-at="2024-01-19T14:55:33 IST" duration-ms="379" status="PASS">
          <reporter-output>
          </reporter-output>
        </test-method> <!-- teardwn -->
        <test-method is-config="true" signature="launch()[pri:0, instance:com.Tricentis.TestScripts.US002_TestCases@548a24a]" started-at="2024-01-19T14:55:33 IST" name="launch" finished-at="2024-01-19T14:55:39 IST" duration-ms="5944" status="PASS">
          <reporter-output>
          </reporter-output>
        </test-method> <!-- launch -->
        <test-method signature="US_002_TS_010TextFieldcolorRed()[pri:14, instance:com.Tricentis.TestScripts.US002_TestCases@548a24a]" started-at="2024-01-19T14:55:39 IST" name="US_002_TS_010TextFieldcolorRed" finished-at="2024-01-19T14:56:02 IST" duration-ms="22309" status="PASS">
          <reporter-output>
          </reporter-output>
        </test-method> <!-- US_002_TS_010TextFieldcolorRed -->
        <test-method is-config="true" signature="teardwn()[pri:0, instance:com.Tricentis.TestScripts.US002_TestCases@548a24a]" started-at="2024-01-19T14:56:02 IST" name="teardwn" finished-at="2024-01-19T14:56:02 IST" duration-ms="327" status="PASS">
          <reporter-output>
          </reporter-output>
        </test-method> <!-- teardwn -->
        <test-method is-config="true" signature="launch()[pri:0, instance:com.Tricentis.TestScripts.US002_TestCases@548a24a]" started-at="2024-01-19T14:56:02 IST" name="launch" finished-at="2024-01-19T14:56:27 IST" duration-ms="24435" status="PASS">
          <reporter-output>
          </reporter-output>
        </test-method> <!-- launch -->
        <test-method signature="US_002_TS_010TextFieldBlueWithTick()[pri:15, instance:com.Tricentis.TestScripts.US002_TestCases@548a24a]" started-at="2024-01-19T14:56:27 IST" name="US_002_TS_010TextFieldBlueWithTick" finished-at="2024-01-19T14:56:29 IST" duration-ms="2635" status="PASS">
          <reporter-output>
          </reporter-output>
        </test-method> <!-- US_002_TS_010TextFieldBlueWithTick -->
        <test-method is-config="true" signature="teardwn()[pri:0, instance:com.Tricentis.TestScripts.US002_TestCases@548a24a]" started-at="2024-01-19T14:56:29 IST" name="teardwn" finished-at="2024-01-19T14:56:29 IST" duration-ms="311" status="PASS">
          <reporter-output>
          </reporter-output>
        </test-method> <!-- teardwn -->
        <test-method is-config="true" signature="launch()[pri:0, instance:com.Tricentis.TestScripts.US002_TestCases@548a24a]" started-at="2024-01-19T14:56:29 IST" name="launch" finished-at="2024-01-19T14:57:00 IST" duration-ms="30832" status="PASS">
          <reporter-output>
          </reporter-output>
        </test-method> <!-- launch -->
        <test-method signature="US002_TC011_verifyRed()[pri:16, instance:com.Tricentis.TestScripts.US002_TestCases@548a24a]" started-at="2024-01-19T14:57:00 IST" name="US002_TC011_verifyRed" finished-at="2024-01-19T14:57:03 IST" duration-ms="2212" status="PASS">
          <reporter-output>
          </reporter-output>
        </test-method> <!-- US002_TC011_verifyRed -->
        <test-method is-config="true" signature="teardwn()[pri:0, instance:com.Tricentis.TestScripts.US002_TestCases@548a24a]" started-at="2024-01-19T14:57:03 IST" name="teardwn" finished-at="2024-01-19T14:57:03 IST" duration-ms="376" status="PASS">
          <reporter-output>
          </reporter-output>
        </test-method> <!-- teardwn -->
        <test-method is-config="true" signature="launch()[pri:0, instance:com.Tricentis.TestScripts.US002_TestCases@548a24a]" started-at="2024-01-19T14:57:03 IST" name="launch" finished-at="2024-01-19T14:57:31 IST" duration-ms="27846" status="PASS">
          <reporter-output>
          </reporter-output>
        </test-method> <!-- launch -->
        <test-method signature="US002_TC011_verifyBlueTick()[pri:17, instance:com.Tricentis.TestScripts.US002_TestCases@548a24a]" started-at="2024-01-19T14:57:31 IST" name="US002_TC011_verifyBlueTick" finished-at="2024-01-19T14:57:33 IST" duration-ms="2143" status="PASS">
          <reporter-output>
          </reporter-output>
        </test-method> <!-- US002_TC011_verifyBlueTick -->
        <test-method is-config="true" signature="teardwn()[pri:0, instance:com.Tricentis.TestScripts.US002_TestCases@548a24a]" started-at="2024-01-19T14:57:33 IST" name="teardwn" finished-at="2024-01-19T14:57:33 IST" duration-ms="372" status="PASS">
          <reporter-output>
          </reporter-output>
        </test-method> <!-- teardwn -->
        <test-method is-config="true" signature="launch()[pri:0, instance:com.Tricentis.TestScripts.US002_TestCases@548a24a]" started-at="2024-01-19T14:57:33 IST" name="launch" finished-at="2024-01-19T14:58:04 IST" duration-ms="30345" status="PASS">
          <reporter-output>
          </reporter-output>
        </test-method> <!-- launch -->
        <test-method signature="US_002_TS_012()[pri:18, instance:com.Tricentis.TestScripts.US002_TestCases@548a24a]" started-at="2024-01-19T14:58:04 IST" name="US_002_TS_012" finished-at="2024-01-19T14:58:07 IST" duration-ms="3599" status="PASS">
          <reporter-output>
          </reporter-output>
        </test-method> <!-- US_002_TS_012 -->
        <test-method is-config="true" signature="teardwn()[pri:0, instance:com.Tricentis.TestScripts.US002_TestCases@548a24a]" started-at="2024-01-19T14:58:07 IST" name="teardwn" finished-at="2024-01-19T14:58:07 IST" duration-ms="264" status="PASS">
          <reporter-output>
          </reporter-output>
        </test-method> <!-- teardwn -->
        <test-method is-config="true" signature="launch()[pri:0, instance:com.Tricentis.TestScripts.US002_TestCases@548a24a]" started-at="2024-01-19T14:58:07 IST" name="launch" finished-at="2024-01-19T14:58:13 IST" duration-ms="5330" status="PASS">
          <reporter-output>
          </reporter-output>
        </test-method> <!-- launch -->
        <test-method signature="US_002_TS_013TextFieldcolorRed()[pri:19, instance:com.Tricentis.TestScripts.US002_TestCases@548a24a]" started-at="2024-01-19T14:58:13 IST" name="US_002_TS_013TextFieldcolorRed" finished-at="2024-01-19T14:58:35 IST" duration-ms="22341" status="PASS">
          <reporter-output>
          </reporter-output>
        </test-method> <!-- US_002_TS_013TextFieldcolorRed -->
        <test-method is-config="true" signature="teardwn()[pri:0, instance:com.Tricentis.TestScripts.US002_TestCases@548a24a]" started-at="2024-01-19T14:58:35 IST" name="teardwn" finished-at="2024-01-19T14:58:36 IST" duration-ms="426" status="PASS">
          <reporter-output>
          </reporter-output>
        </test-method> <!-- teardwn -->
        <test-method is-config="true" signature="launch()[pri:0, instance:com.Tricentis.TestScripts.US002_TestCases@548a24a]" started-at="2024-01-19T14:58:36 IST" name="launch" finished-at="2024-01-19T14:58:41 IST" duration-ms="5734" status="PASS">
          <reporter-output>
          </reporter-output>
        </test-method> <!-- launch -->
        <test-method signature="US_002_TS_013TextFieldBlueWithTick()[pri:20, instance:com.Tricentis.TestScripts.US002_TestCases@548a24a]" started-at="2024-01-19T14:58:41 IST" name="US_002_TS_013TextFieldBlueWithTick" finished-at="2024-01-19T14:59:04 IST" duration-ms="22451" status="PASS">
          <reporter-output>
          </reporter-output>
        </test-method> <!-- US_002_TS_013TextFieldBlueWithTick -->
        <test-method is-config="true" signature="teardwn()[pri:0, instance:com.Tricentis.TestScripts.US002_TestCases@548a24a]" started-at="2024-01-19T14:59:04 IST" name="teardwn" finished-at="2024-01-19T14:59:04 IST" duration-ms="285" status="PASS">
          <reporter-output>
          </reporter-output>
        </test-method> <!-- teardwn -->
        <test-method is-config="true" signature="launch()[pri:0, instance:com.Tricentis.TestScripts.US002_TestCases@548a24a]" started-at="2024-01-19T14:59:04 IST" name="launch" finished-at="2024-01-19T14:59:25 IST" duration-ms="20661" status="PASS">
          <reporter-output>
          </reporter-output>
        </test-method> <!-- launch -->
        <test-method signature="US_002_TS_014()[pri:21, instance:com.Tricentis.TestScripts.US002_TestCases@548a24a]" started-at="2024-01-19T14:59:25 IST" name="US_002_TS_014" finished-at="2024-01-19T14:59:28 IST" duration-ms="3658" status="PASS">
          <reporter-output>
          </reporter-output>
        </test-method> <!-- US_002_TS_014 -->
        <test-method is-config="true" signature="teardwn()[pri:0, instance:com.Tricentis.TestScripts.US002_TestCases@548a24a]" started-at="2024-01-19T14:59:28 IST" name="teardwn" finished-at="2024-01-19T14:59:29 IST" duration-ms="200" status="PASS">
          <reporter-output>
          </reporter-output>
        </test-method> <!-- teardwn -->
        <test-method is-config="true" signature="launch()[pri:0, instance:com.Tricentis.TestScripts.US002_TestCases@548a24a]" started-at="2024-01-19T14:59:29 IST" name="launch" finished-at="2024-01-19T14:59:45 IST" duration-ms="16583" status="PASS">
          <reporter-output>
          </reporter-output>
        </test-method> <!-- launch -->
        <test-method signature="US_002_TS_015TextFieldcolorRed()[pri:22, instance:com.Tricentis.TestScripts.US002_TestCases@548a24a]" started-at="2024-01-19T14:59:45 IST" name="US_002_TS_015TextFieldcolorRed" finished-at="2024-01-19T14:59:48 IST" duration-ms="2610" status="PASS">
          <reporter-output>
          </reporter-output>
        </test-method> <!-- US_002_TS_015TextFieldcolorRed -->
        <test-method is-config="true" signature="teardwn()[pri:0, instance:com.Tricentis.TestScripts.US002_TestCases@548a24a]" started-at="2024-01-19T14:59:48 IST" name="teardwn" finished-at="2024-01-19T14:59:48 IST" duration-ms="251" status="PASS">
          <reporter-output>
          </reporter-output>
        </test-method> <!-- teardwn -->
        <test-method is-config="true" signature="launch()[pri:0, instance:com.Tricentis.TestScripts.US002_TestCases@548a24a]" started-at="2024-01-19T14:59:48 IST" name="launch" finished-at="2024-01-19T15:00:10 IST" duration-ms="21716" status="PASS">
          <reporter-output>
          </reporter-output>
        </test-method> <!-- launch -->
        <test-method signature="US_002_TS_015TextFieldBlueWithTick()[pri:23, instance:com.Tricentis.TestScripts.US002_TestCases@548a24a]" started-at="2024-01-19T15:00:10 IST" name="US_002_TS_015TextFieldBlueWithTick" finished-at="2024-01-19T15:00:13 IST" duration-ms="3145" status="PASS">
          <reporter-output>
          </reporter-output>
        </test-method> <!-- US_002_TS_015TextFieldBlueWithTick -->
        <test-method is-config="true" signature="teardwn()[pri:0, instance:com.Tricentis.TestScripts.US002_TestCases@548a24a]" started-at="2024-01-19T15:00:13 IST" name="teardwn" finished-at="2024-01-19T15:00:13 IST" duration-ms="476" status="PASS">
          <reporter-output>
          </reporter-output>
        </test-method> <!-- teardwn -->
        <test-method is-config="true" signature="launch()[pri:0, instance:com.Tricentis.TestScripts.US002_TestCases@548a24a]" started-at="2024-01-19T15:00:13 IST" name="launch" finished-at="2024-01-19T15:00:34 IST" duration-ms="20248" status="PASS">
          <reporter-output>
          </reporter-output>
        </test-method> <!-- launch -->
        <test-method signature="US_002_TS_016()[pri:24, instance:com.Tricentis.TestScripts.US002_TestCases@548a24a]" started-at="2024-01-19T15:00:34 IST" name="US_002_TS_016" finished-at="2024-01-19T15:00:39 IST" duration-ms="5454" status="PASS">
          <reporter-output>
          </reporter-output>
        </test-method> <!-- US_002_TS_016 -->
        <test-method is-config="true" signature="teardwn()[pri:0, instance:com.Tricentis.TestScripts.US002_TestCases@548a24a]" started-at="2024-01-19T15:00:39 IST" name="teardwn" finished-at="2024-01-19T15:00:39 IST" duration-ms="419" status="PASS">
          <reporter-output>
          </reporter-output>
        </test-method> <!-- teardwn -->
        <test-method is-config="true" signature="launch()[pri:0, instance:com.Tricentis.TestScripts.US002_TestCases@548a24a]" started-at="2024-01-19T15:00:39 IST" name="launch" finished-at="2024-01-19T15:00:58 IST" duration-ms="18067" status="PASS">
          <reporter-output>
          </reporter-output>
        </test-method> <!-- launch -->
        <test-method signature="US002_TS017()[pri:25, instance:com.Tricentis.TestScripts.US002_TestCases@548a24a]" started-at="2024-01-19T15:00:58 IST" name="US002_TS017" finished-at="2024-01-19T15:01:20 IST" duration-ms="22534" status="PASS">
          <reporter-output>
          </reporter-output>
        </test-method> <!-- US002_TS017 -->
        <test-method is-config="true" signature="teardwn()[pri:0, instance:com.Tricentis.TestScripts.US002_TestCases@548a24a]" started-at="2024-01-19T15:01:20 IST" name="teardwn" finished-at="2024-01-19T15:01:20 IST" duration-ms="431" status="PASS">
          <reporter-output>
          </reporter-output>
        </test-method> <!-- teardwn -->
        <test-method is-config="true" signature="FlushReoprts()[pri:0, instance:com.Tricentis.TestScripts.US002_TestCases@548a24a]" started-at="2024-01-19T15:05:28 IST" name="FlushReoprts" finished-at="2024-01-19T15:05:28 IST" duration-ms="88" status="PASS">
          <reporter-output>
          </reporter-output>
        </test-method> <!-- FlushReoprts -->
      </class> <!-- com.Tricentis.TestScripts.US002_TestCases -->
      <class name="com.Tricentis.TestScripts.US001_TestCases">
        <test-method is-config="true" signature="reports()[pri:0, instance:com.Tricentis.TestScripts.US001_TestCases@73eb439a]" started-at="2024-01-19T14:36:21 IST" name="reports" finished-at="2024-01-19T14:36:21 IST" duration-ms="450" status="PASS">
          <reporter-output>
          </reporter-output>
        </test-method> <!-- reports -->
        <test-method is-config="true" signature="launch()[pri:0, instance:com.Tricentis.TestScripts.US001_TestCases@73eb439a]" started-at="2024-01-19T14:36:21 IST" name="launch" finished-at="2024-01-19T14:36:33 IST" duration-ms="11168" status="PASS">
          <reporter-output>
          </reporter-output>
        </test-method> <!-- launch -->
        <test-method signature="TestCase1()[pri:0, instance:com.Tricentis.TestScripts.US001_TestCases@73eb439a]" started-at="2024-01-19T14:36:33 IST" name="TestCase1" finished-at="2024-01-19T14:36:36 IST" duration-ms="3223" status="PASS">
          <reporter-output>
          </reporter-output>
        </test-method> <!-- TestCase1 -->
        <test-method is-config="true" signature="teardwn()[pri:0, instance:com.Tricentis.TestScripts.US001_TestCases@73eb439a]" started-at="2024-01-19T14:36:36 IST" name="teardwn" finished-at="2024-01-19T14:36:36 IST" duration-ms="450" status="PASS">
          <reporter-output>
          </reporter-output>
        </test-method> <!-- teardwn -->
        <test-method is-config="true" signature="launch()[pri:0, instance:com.Tricentis.TestScripts.US001_TestCases@73eb439a]" started-at="2024-01-19T14:36:36 IST" name="launch" finished-at="2024-01-19T14:36:54 IST" duration-ms="18165" status="PASS">
          <reporter-output>
          </reporter-output>
        </test-method> <!-- launch -->
        <test-method signature="TestCase2()[pri:1, instance:com.Tricentis.TestScripts.US001_TestCases@73eb439a]" started-at="2024-01-19T14:36:54 IST" name="TestCase2" finished-at="2024-01-19T14:36:56 IST" duration-ms="1879" status="PASS">
          <reporter-output>
          </reporter-output>
        </test-method> <!-- TestCase2 -->
        <test-method is-config="true" signature="teardwn()[pri:0, instance:com.Tricentis.TestScripts.US001_TestCases@73eb439a]" started-at="2024-01-19T14:36:56 IST" name="teardwn" finished-at="2024-01-19T14:36:57 IST" duration-ms="203" status="PASS">
          <reporter-output>
          </reporter-output>
        </test-method> <!-- teardwn -->
        <test-method is-config="true" signature="launch()[pri:0, instance:com.Tricentis.TestScripts.US001_TestCases@73eb439a]" started-at="2024-01-19T14:36:57 IST" name="launch" finished-at="2024-01-19T14:37:15 IST" duration-ms="18728" status="PASS">
          <reporter-output>
          </reporter-output>
        </test-method> <!-- launch -->
        <test-method signature="TestCase3()[pri:2, instance:com.Tricentis.TestScripts.US001_TestCases@73eb439a]" started-at="2024-01-19T14:37:15 IST" name="TestCase3" finished-at="2024-01-19T14:37:18 IST" duration-ms="2316" status="PASS">
          <reporter-output>
          </reporter-output>
        </test-method> <!-- TestCase3 -->
        <test-method is-config="true" signature="teardwn()[pri:0, instance:com.Tricentis.TestScripts.US001_TestCases@73eb439a]" started-at="2024-01-19T14:37:18 IST" name="teardwn" finished-at="2024-01-19T14:37:18 IST" duration-ms="193" status="PASS">
          <reporter-output>
          </reporter-output>
        </test-method> <!-- teardwn -->
        <test-method is-config="true" signature="launch()[pri:0, instance:com.Tricentis.TestScripts.US001_TestCases@73eb439a]" started-at="2024-01-19T14:37:18 IST" name="launch" finished-at="2024-01-19T14:37:37 IST" duration-ms="19119" status="PASS">
          <reporter-output>
          </reporter-output>
        </test-method> <!-- launch -->
        <test-method signature="TestCase4()[pri:3, instance:com.Tricentis.TestScripts.US001_TestCases@73eb439a]" started-at="2024-01-19T14:37:37 IST" name="TestCase4" finished-at="2024-01-19T14:37:39 IST" duration-ms="1664" status="PASS">
          <reporter-output>
          </reporter-output>
        </test-method> <!-- TestCase4 -->
        <test-method is-config="true" signature="teardwn()[pri:0, instance:com.Tricentis.TestScripts.US001_TestCases@73eb439a]" started-at="2024-01-19T14:37:39 IST" name="teardwn" finished-at="2024-01-19T14:37:39 IST" duration-ms="482" status="PASS">
          <reporter-output>
          </reporter-output>
        </test-method> <!-- teardwn -->
        <test-method is-config="true" signature="launch()[pri:0, instance:com.Tricentis.TestScripts.US001_TestCases@73eb439a]" started-at="2024-01-19T14:37:39 IST" name="launch" finished-at="2024-01-19T14:38:01 IST" duration-ms="21891" status="PASS">
          <reporter-output>
          </reporter-output>
        </test-method> <!-- launch -->
        <test-method signature="TestCase5()[pri:4, instance:com.Tricentis.TestScripts.US001_TestCases@73eb439a]" started-at="2024-01-19T14:38:01 IST" name="TestCase5" finished-at="2024-01-19T14:38:03 IST" duration-ms="2150" status="PASS">
          <reporter-output>
          </reporter-output>
        </test-method> <!-- TestCase5 -->
        <test-method is-config="true" signature="teardwn()[pri:0, instance:com.Tricentis.TestScripts.US001_TestCases@73eb439a]" started-at="2024-01-19T14:38:03 IST" name="teardwn" finished-at="2024-01-19T14:38:03 IST" duration-ms="270" status="PASS">
          <reporter-output>
          </reporter-output>
        </test-method> <!-- teardwn -->
        <test-method is-config="true" signature="launch()[pri:0, instance:com.Tricentis.TestScripts.US001_TestCases@73eb439a]" started-at="2024-01-19T14:38:03 IST" name="launch" finished-at="2024-01-19T14:38:29 IST" duration-ms="25438" status="PASS">
          <reporter-output>
          </reporter-output>
        </test-method> <!-- launch -->
        <test-method signature="TestCase6()[pri:5, instance:com.Tricentis.TestScripts.US001_TestCases@73eb439a]" started-at="2024-01-19T14:38:29 IST" name="TestCase6" finished-at="2024-01-19T14:38:31 IST" duration-ms="2084" status="PASS">
          <reporter-output>
          </reporter-output>
        </test-method> <!-- TestCase6 -->
        <test-method is-config="true" signature="teardwn()[pri:0, instance:com.Tricentis.TestScripts.US001_TestCases@73eb439a]" started-at="2024-01-19T14:38:31 IST" name="teardwn" finished-at="2024-01-19T14:38:31 IST" duration-ms="300" status="PASS">
          <reporter-output>
          </reporter-output>
        </test-method> <!-- teardwn -->
        <test-method is-config="true" signature="launch()[pri:0, instance:com.Tricentis.TestScripts.US001_TestCases@73eb439a]" started-at="2024-01-19T14:38:31 IST" name="launch" finished-at="2024-01-19T14:38:58 IST" duration-ms="26943" status="PASS">
          <reporter-output>
          </reporter-output>
        </test-method> <!-- launch -->
        <test-method signature="TestCase7()[pri:6, instance:com.Tricentis.TestScripts.US001_TestCases@73eb439a]" started-at="2024-01-19T14:38:58 IST" name="TestCase7" finished-at="2024-01-19T14:39:01 IST" duration-ms="3305" status="PASS">
          <reporter-output>
          </reporter-output>
        </test-method> <!-- TestCase7 -->
        <test-method is-config="true" signature="teardwn()[pri:0, instance:com.Tricentis.TestScripts.US001_TestCases@73eb439a]" started-at="2024-01-19T14:39:01 IST" name="teardwn" finished-at="2024-01-19T14:39:02 IST" duration-ms="432" status="PASS">
          <reporter-output>
          </reporter-output>
        </test-method> <!-- teardwn -->
        <test-method is-config="true" signature="launch()[pri:0, instance:com.Tricentis.TestScripts.US001_TestCases@73eb439a]" started-at="2024-01-19T14:39:02 IST" name="launch" finished-at="2024-01-19T14:39:23 IST" duration-ms="20806" status="PASS">
          <reporter-output>
          </reporter-output>
        </test-method> <!-- launch -->
        <test-method signature="TestCase8()[pri:7, instance:com.Tricentis.TestScripts.US001_TestCases@73eb439a]" started-at="2024-01-19T14:39:23 IST" name="TestCase8" finished-at="2024-01-19T14:39:25 IST" duration-ms="2206" status="PASS">
          <reporter-output>
          </reporter-output>
        </test-method> <!-- TestCase8 -->
        <test-method is-config="true" signature="teardwn()[pri:0, instance:com.Tricentis.TestScripts.US001_TestCases@73eb439a]" started-at="2024-01-19T14:39:25 IST" name="teardwn" finished-at="2024-01-19T14:39:25 IST" duration-ms="295" status="PASS">
          <reporter-output>
          </reporter-output>
        </test-method> <!-- teardwn -->
        <test-method is-config="true" signature="launch()[pri:0, instance:com.Tricentis.TestScripts.US001_TestCases@73eb439a]" started-at="2024-01-19T14:39:25 IST" name="launch" finished-at="2024-01-19T14:39:44 IST" duration-ms="18784" status="PASS">
          <reporter-output>
          </reporter-output>
        </test-method> <!-- launch -->
        <test-method signature="TestCase9()[pri:8, instance:com.Tricentis.TestScripts.US001_TestCases@73eb439a]" started-at="2024-01-19T14:39:44 IST" name="TestCase9" finished-at="2024-01-19T14:39:46 IST" duration-ms="1921" status="PASS">
          <reporter-output>
          </reporter-output>
        </test-method> <!-- TestCase9 -->
        <test-method is-config="true" signature="teardwn()[pri:0, instance:com.Tricentis.TestScripts.US001_TestCases@73eb439a]" started-at="2024-01-19T14:39:46 IST" name="teardwn" finished-at="2024-01-19T14:39:46 IST" duration-ms="407" status="PASS">
          <reporter-output>
          </reporter-output>
        </test-method> <!-- teardwn -->
        <test-method is-config="true" signature="launch()[pri:0, instance:com.Tricentis.TestScripts.US001_TestCases@73eb439a]" started-at="2024-01-19T14:39:46 IST" name="launch" finished-at="2024-01-19T14:39:52 IST" duration-ms="5593" status="PASS">
          <reporter-output>
          </reporter-output>
        </test-method> <!-- launch -->
        <test-method signature="TestCase10()[pri:9, instance:com.Tricentis.TestScripts.US001_TestCases@73eb439a]" started-at="2024-01-19T14:39:52 IST" name="TestCase10" finished-at="2024-01-19T14:40:09 IST" duration-ms="17456" status="PASS">
          <reporter-output>
          </reporter-output>
        </test-method> <!-- TestCase10 -->
        <test-method is-config="true" signature="teardwn()[pri:0, instance:com.Tricentis.TestScripts.US001_TestCases@73eb439a]" started-at="2024-01-19T14:40:09 IST" name="teardwn" finished-at="2024-01-19T14:40:10 IST" duration-ms="217" status="PASS">
          <reporter-output>
          </reporter-output>
        </test-method> <!-- teardwn -->
        <test-method is-config="true" signature="launch()[pri:0, instance:com.Tricentis.TestScripts.US001_TestCases@73eb439a]" started-at="2024-01-19T14:40:10 IST" name="launch" finished-at="2024-01-19T14:40:32 IST" duration-ms="22929" status="PASS">
          <reporter-output>
          </reporter-output>
        </test-method> <!-- launch -->
        <test-method signature="TestCase11()[pri:10, instance:com.Tricentis.TestScripts.US001_TestCases@73eb439a]" started-at="2024-01-19T14:40:32 IST" name="TestCase11" finished-at="2024-01-19T14:40:35 IST" duration-ms="2334" status="PASS">
          <reporter-output>
          </reporter-output>
        </test-method> <!-- TestCase11 -->
        <test-method is-config="true" signature="teardwn()[pri:0, instance:com.Tricentis.TestScripts.US001_TestCases@73eb439a]" started-at="2024-01-19T14:40:35 IST" name="teardwn" finished-at="2024-01-19T14:40:35 IST" duration-ms="485" status="PASS">
          <reporter-output>
          </reporter-output>
        </test-method> <!-- teardwn -->
        <test-method is-config="true" signature="launch()[pri:0, instance:com.Tricentis.TestScripts.US001_TestCases@73eb439a]" started-at="2024-01-19T14:40:35 IST" name="launch" finished-at="2024-01-19T14:40:53 IST" duration-ms="17193" status="PASS">
          <reporter-output>
          </reporter-output>
        </test-method> <!-- launch -->
        <test-method signature="TestCase12()[pri:11, instance:com.Tricentis.TestScripts.US001_TestCases@73eb439a]" started-at="2024-01-19T14:40:53 IST" name="TestCase12" finished-at="2024-01-19T14:40:56 IST" duration-ms="3251" status="PASS">
          <reporter-output>
          </reporter-output>
        </test-method> <!-- TestCase12 -->
        <test-method is-config="true" signature="teardwn()[pri:0, instance:com.Tricentis.TestScripts.US001_TestCases@73eb439a]" started-at="2024-01-19T14:40:56 IST" name="teardwn" finished-at="2024-01-19T14:40:56 IST" duration-ms="370" status="PASS">
          <reporter-output>
          </reporter-output>
        </test-method> <!-- teardwn -->
        <test-method is-config="true" signature="launch()[pri:0, instance:com.Tricentis.TestScripts.US001_TestCases@73eb439a]" started-at="2024-01-19T14:40:56 IST" name="launch" finished-at="2024-01-19T14:41:10 IST" duration-ms="14149" status="PASS">
          <reporter-output>
          </reporter-output>
        </test-method> <!-- launch -->
        <test-method signature="TestCase13()[pri:12, instance:com.Tricentis.TestScripts.US001_TestCases@73eb439a]" started-at="2024-01-19T14:41:10 IST" name="TestCase13" finished-at="2024-01-19T14:41:12 IST" duration-ms="1989" status="PASS">
          <reporter-output>
          </reporter-output>
        </test-method> <!-- TestCase13 -->
        <test-method is-config="true" signature="teardwn()[pri:0, instance:com.Tricentis.TestScripts.US001_TestCases@73eb439a]" started-at="2024-01-19T14:41:12 IST" name="teardwn" finished-at="2024-01-19T14:41:13 IST" duration-ms="359" status="PASS">
          <reporter-output>
          </reporter-output>
        </test-method> <!-- teardwn -->
        <test-method is-config="true" signature="launch()[pri:0, instance:com.Tricentis.TestScripts.US001_TestCases@73eb439a]" started-at="2024-01-19T14:41:13 IST" name="launch" finished-at="2024-01-19T14:41:30 IST" duration-ms="17658" status="PASS">
          <reporter-output>
          </reporter-output>
        </test-method> <!-- launch -->
        <test-method signature="TestCase14()[pri:13, instance:com.Tricentis.TestScripts.US001_TestCases@73eb439a]" started-at="2024-01-19T14:41:30 IST" name="TestCase14" finished-at="2024-01-19T14:41:32 IST" duration-ms="2013" status="PASS">
          <reporter-output>
          </reporter-output>
        </test-method> <!-- TestCase14 -->
        <test-method is-config="true" signature="teardwn()[pri:0, instance:com.Tricentis.TestScripts.US001_TestCases@73eb439a]" started-at="2024-01-19T14:41:32 IST" name="teardwn" finished-at="2024-01-19T14:41:33 IST" duration-ms="304" status="PASS">
          <reporter-output>
          </reporter-output>
        </test-method> <!-- teardwn -->
        <test-method is-config="true" signature="launch()[pri:0, instance:com.Tricentis.TestScripts.US001_TestCases@73eb439a]" started-at="2024-01-19T14:41:33 IST" name="launch" finished-at="2024-01-19T14:41:50 IST" duration-ms="17372" status="PASS">
          <reporter-output>
          </reporter-output>
        </test-method> <!-- launch -->
        <test-method signature="TestCase15()[pri:14, instance:com.Tricentis.TestScripts.US001_TestCases@73eb439a]" started-at="2024-01-19T14:41:50 IST" name="TestCase15" finished-at="2024-01-19T14:41:53 IST" duration-ms="3342" status="PASS">
          <reporter-output>
          </reporter-output>
        </test-method> <!-- TestCase15 -->
        <test-method is-config="true" signature="teardwn()[pri:0, instance:com.Tricentis.TestScripts.US001_TestCases@73eb439a]" started-at="2024-01-19T14:41:53 IST" name="teardwn" finished-at="2024-01-19T14:41:54 IST" duration-ms="310" status="PASS">
          <reporter-output>
          </reporter-output>
        </test-method> <!-- teardwn -->
        <test-method is-config="true" signature="launch()[pri:0, instance:com.Tricentis.TestScripts.US001_TestCases@73eb439a]" started-at="2024-01-19T14:41:54 IST" name="launch" finished-at="2024-01-19T14:42:13 IST" duration-ms="19010" status="PASS">
          <reporter-output>
          </reporter-output>
        </test-method> <!-- launch -->
        <test-method signature="TestCase16()[pri:15, instance:com.Tricentis.TestScripts.US001_TestCases@73eb439a]" started-at="2024-01-19T14:42:13 IST" name="TestCase16" finished-at="2024-01-19T14:42:15 IST" duration-ms="2017" status="PASS">
          <reporter-output>
          </reporter-output>
        </test-method> <!-- TestCase16 -->
        <test-method is-config="true" signature="teardwn()[pri:0, instance:com.Tricentis.TestScripts.US001_TestCases@73eb439a]" started-at="2024-01-19T14:42:15 IST" name="teardwn" finished-at="2024-01-19T14:42:15 IST" duration-ms="264" status="PASS">
          <reporter-output>
          </reporter-output>
        </test-method> <!-- teardwn -->
        <test-method is-config="true" signature="launch()[pri:0, instance:com.Tricentis.TestScripts.US001_TestCases@73eb439a]" started-at="2024-01-19T14:42:15 IST" name="launch" finished-at="2024-01-19T14:42:32 IST" duration-ms="17455" status="PASS">
          <reporter-output>
          </reporter-output>
        </test-method> <!-- launch -->
        <test-method signature="TestCase17()[pri:16, instance:com.Tricentis.TestScripts.US001_TestCases@73eb439a]" started-at="2024-01-19T14:42:32 IST" name="TestCase17" finished-at="2024-01-19T14:42:35 IST" duration-ms="3024" status="PASS">
          <reporter-output>
          </reporter-output>
        </test-method> <!-- TestCase17 -->
        <test-method is-config="true" signature="teardwn()[pri:0, instance:com.Tricentis.TestScripts.US001_TestCases@73eb439a]" started-at="2024-01-19T14:42:35 IST" name="teardwn" finished-at="2024-01-19T14:42:36 IST" duration-ms="287" status="PASS">
          <reporter-output>
          </reporter-output>
        </test-method> <!-- teardwn -->
        <test-method is-config="true" signature="launch()[pri:0, instance:com.Tricentis.TestScripts.US001_TestCases@73eb439a]" started-at="2024-01-19T14:42:36 IST" name="launch" finished-at="2024-01-19T14:43:00 IST" duration-ms="23979" status="PASS">
          <reporter-output>
          </reporter-output>
        </test-method> <!-- launch -->
        <test-method signature="TestCase18()[pri:17, instance:com.Tricentis.TestScripts.US001_TestCases@73eb439a]" started-at="2024-01-19T14:43:00 IST" name="TestCase18" finished-at="2024-01-19T14:43:02 IST" duration-ms="2812" status="PASS">
          <reporter-output>
          </reporter-output>
        </test-method> <!-- TestCase18 -->
        <test-method is-config="true" signature="teardwn()[pri:0, instance:com.Tricentis.TestScripts.US001_TestCases@73eb439a]" started-at="2024-01-19T14:43:02 IST" name="teardwn" finished-at="2024-01-19T14:43:03 IST" duration-ms="335" status="PASS">
          <reporter-output>
          </reporter-output>
        </test-method> <!-- teardwn -->
        <test-method is-config="true" signature="launch()[pri:0, instance:com.Tricentis.TestScripts.US001_TestCases@73eb439a]" started-at="2024-01-19T14:43:03 IST" name="launch" finished-at="2024-01-19T14:43:24 IST" duration-ms="21637" status="PASS">
          <reporter-output>
          </reporter-output>
        </test-method> <!-- launch -->
        <test-method signature="TestCase19()[pri:18, instance:com.Tricentis.TestScripts.US001_TestCases@73eb439a]" started-at="2024-01-19T14:43:24 IST" name="TestCase19" finished-at="2024-01-19T14:43:26 IST" duration-ms="1750" status="PASS">
          <reporter-output>
          </reporter-output>
        </test-method> <!-- TestCase19 -->
        <test-method is-config="true" signature="teardwn()[pri:0, instance:com.Tricentis.TestScripts.US001_TestCases@73eb439a]" started-at="2024-01-19T14:43:26 IST" name="teardwn" finished-at="2024-01-19T14:43:27 IST" duration-ms="476" status="PASS">
          <reporter-output>
          </reporter-output>
        </test-method> <!-- teardwn -->
        <test-method is-config="true" signature="launch()[pri:0, instance:com.Tricentis.TestScripts.US001_TestCases@73eb439a]" started-at="2024-01-19T14:43:27 IST" name="launch" finished-at="2024-01-19T14:43:48 IST" duration-ms="21551" status="PASS">
          <reporter-output>
          </reporter-output>
        </test-method> <!-- launch -->
        <test-method signature="TestCase20()[pri:19, instance:com.Tricentis.TestScripts.US001_TestCases@73eb439a]" started-at="2024-01-19T14:43:48 IST" name="TestCase20" finished-at="2024-01-19T14:43:51 IST" duration-ms="2252" status="PASS">
          <reporter-output>
          </reporter-output>
        </test-method> <!-- TestCase20 -->
        <test-method is-config="true" signature="teardwn()[pri:0, instance:com.Tricentis.TestScripts.US001_TestCases@73eb439a]" started-at="2024-01-19T14:43:51 IST" name="teardwn" finished-at="2024-01-19T14:43:51 IST" duration-ms="394" status="PASS">
          <reporter-output>
          </reporter-output>
        </test-method> <!-- teardwn -->
        <test-method is-config="true" signature="launch()[pri:0, instance:com.Tricentis.TestScripts.US001_TestCases@73eb439a]" started-at="2024-01-19T14:43:51 IST" name="launch" finished-at="2024-01-19T14:44:09 IST" duration-ms="18300" status="PASS">
          <reporter-output>
          </reporter-output>
        </test-method> <!-- launch -->
        <test-method signature="TestCase21()[pri:20, instance:com.Tricentis.TestScripts.US001_TestCases@73eb439a]" started-at="2024-01-19T14:44:09 IST" name="TestCase21" finished-at="2024-01-19T14:44:13 IST" duration-ms="3388" status="PASS">
          <reporter-output>
          </reporter-output>
        </test-method> <!-- TestCase21 -->
        <test-method is-config="true" signature="teardwn()[pri:0, instance:com.Tricentis.TestScripts.US001_TestCases@73eb439a]" started-at="2024-01-19T14:44:13 IST" name="teardwn" finished-at="2024-01-19T14:44:13 IST" duration-ms="752" status="PASS">
          <reporter-output>
          </reporter-output>
        </test-method> <!-- teardwn -->
        <test-method is-config="true" signature="launch()[pri:0, instance:com.Tricentis.TestScripts.US001_TestCases@73eb439a]" started-at="2024-01-19T14:44:13 IST" name="launch" finished-at="2024-01-19T14:44:32 IST" duration-ms="18340" status="PASS">
          <reporter-output>
          </reporter-output>
        </test-method> <!-- launch -->
        <test-method signature="TestCase22()[pri:21, instance:com.Tricentis.TestScripts.US001_TestCases@73eb439a]" started-at="2024-01-19T14:44:32 IST" name="TestCase22" finished-at="2024-01-19T14:44:34 IST" duration-ms="2506" status="PASS">
          <reporter-output>
          </reporter-output>
        </test-method> <!-- TestCase22 -->
        <test-method is-config="true" signature="teardwn()[pri:0, instance:com.Tricentis.TestScripts.US001_TestCases@73eb439a]" started-at="2024-01-19T14:44:34 IST" name="teardwn" finished-at="2024-01-19T14:44:35 IST" duration-ms="341" status="PASS">
          <reporter-output>
          </reporter-output>
        </test-method> <!-- teardwn -->
        <test-method is-config="true" signature="launch()[pri:0, instance:com.Tricentis.TestScripts.US001_TestCases@73eb439a]" started-at="2024-01-19T14:44:35 IST" name="launch" finished-at="2024-01-19T14:44:59 IST" duration-ms="24376" status="PASS">
          <reporter-output>
          </reporter-output>
        </test-method> <!-- launch -->
        <test-method signature="TestCase23()[pri:22, instance:com.Tricentis.TestScripts.US001_TestCases@73eb439a]" started-at="2024-01-19T14:44:59 IST" name="TestCase23" finished-at="2024-01-19T14:45:01 IST" duration-ms="1994" status="PASS">
          <reporter-output>
          </reporter-output>
        </test-method> <!-- TestCase23 -->
        <test-method is-config="true" signature="teardwn()[pri:0, instance:com.Tricentis.TestScripts.US001_TestCases@73eb439a]" started-at="2024-01-19T14:45:01 IST" name="teardwn" finished-at="2024-01-19T14:45:01 IST" duration-ms="436" status="PASS">
          <reporter-output>
          </reporter-output>
        </test-method> <!-- teardwn -->
        <test-method is-config="true" signature="launch()[pri:0, instance:com.Tricentis.TestScripts.US001_TestCases@73eb439a]" started-at="2024-01-19T14:45:01 IST" name="launch" finished-at="2024-01-19T14:45:22 IST" duration-ms="20483" status="PASS">
          <reporter-output>
          </reporter-output>
        </test-method> <!-- launch -->
        <test-method signature="TestCase24()[pri:23, instance:com.Tricentis.TestScripts.US001_TestCases@73eb439a]" started-at="2024-01-19T14:45:22 IST" name="TestCase24" finished-at="2024-01-19T14:45:25 IST" duration-ms="2739" status="PASS">
          <reporter-output>
          </reporter-output>
        </test-method> <!-- TestCase24 -->
        <test-method is-config="true" signature="teardwn()[pri:0, instance:com.Tricentis.TestScripts.US001_TestCases@73eb439a]" started-at="2024-01-19T14:45:25 IST" name="teardwn" finished-at="2024-01-19T14:45:25 IST" duration-ms="449" status="PASS">
          <reporter-output>
          </reporter-output>
        </test-method> <!-- teardwn -->
        <test-method is-config="true" signature="launch()[pri:0, instance:com.Tricentis.TestScripts.US001_TestCases@73eb439a]" started-at="2024-01-19T14:45:25 IST" name="launch" finished-at="2024-01-19T14:45:48 IST" duration-ms="22981" status="PASS">
          <reporter-output>
          </reporter-output>
        </test-method> <!-- launch -->
        <test-method signature="TestCase25()[pri:24, instance:com.Tricentis.TestScripts.US001_TestCases@73eb439a]" started-at="2024-01-19T14:45:48 IST" name="TestCase25" finished-at="2024-01-19T14:45:50 IST" duration-ms="2151" status="PASS">
          <reporter-output>
          </reporter-output>
        </test-method> <!-- TestCase25 -->
        <test-method is-config="true" signature="teardwn()[pri:0, instance:com.Tricentis.TestScripts.US001_TestCases@73eb439a]" started-at="2024-01-19T14:45:50 IST" name="teardwn" finished-at="2024-01-19T14:45:50 IST" duration-ms="322" status="PASS">
          <reporter-output>
          </reporter-output>
        </test-method> <!-- teardwn -->
        <test-method is-config="true" signature="launch()[pri:0, instance:com.Tricentis.TestScripts.US001_TestCases@73eb439a]" started-at="2024-01-19T14:45:50 IST" name="launch" finished-at="2024-01-19T14:46:03 IST" duration-ms="12991" status="PASS">
          <reporter-output>
          </reporter-output>
        </test-method> <!-- launch -->
        <test-method signature="TestCase26()[pri:25, instance:com.Tricentis.TestScripts.US001_TestCases@73eb439a]" started-at="2024-01-19T14:46:03 IST" name="TestCase26" finished-at="2024-01-19T14:46:05 IST" duration-ms="1622" status="PASS">
          <reporter-output>
          </reporter-output>
        </test-method> <!-- TestCase26 -->
        <test-method is-config="true" signature="teardwn()[pri:0, instance:com.Tricentis.TestScripts.US001_TestCases@73eb439a]" started-at="2024-01-19T14:46:05 IST" name="teardwn" finished-at="2024-01-19T14:46:05 IST" duration-ms="259" status="PASS">
          <reporter-output>
          </reporter-output>
        </test-method> <!-- teardwn -->
        <test-method is-config="true" signature="launch()[pri:0, instance:com.Tricentis.TestScripts.US001_TestCases@73eb439a]" started-at="2024-01-19T14:46:05 IST" name="launch" finished-at="2024-01-19T14:46:27 IST" duration-ms="21577" status="PASS">
          <reporter-output>
          </reporter-output>
        </test-method> <!-- launch -->
        <test-method signature="TestCase27()[pri:26, instance:com.Tricentis.TestScripts.US001_TestCases@73eb439a]" started-at="2024-01-19T14:46:27 IST" name="TestCase27" finished-at="2024-01-19T14:46:30 IST" duration-ms="3270" status="PASS">
          <reporter-output>
          </reporter-output>
        </test-method> <!-- TestCase27 -->
        <test-method is-config="true" signature="teardwn()[pri:0, instance:com.Tricentis.TestScripts.US001_TestCases@73eb439a]" started-at="2024-01-19T14:46:30 IST" name="teardwn" finished-at="2024-01-19T14:46:30 IST" duration-ms="287" status="PASS">
          <reporter-output>
          </reporter-output>
        </test-method> <!-- teardwn -->
        <test-method is-config="true" signature="launch()[pri:0, instance:com.Tricentis.TestScripts.US001_TestCases@73eb439a]" started-at="2024-01-19T14:46:30 IST" name="launch" finished-at="2024-01-19T14:46:48 IST" duration-ms="17395" status="PASS">
          <reporter-output>
          </reporter-output>
        </test-method> <!-- launch -->
        <test-method signature="TestCase28()[pri:27, instance:com.Tricentis.TestScripts.US001_TestCases@73eb439a]" started-at="2024-01-19T14:46:48 IST" name="TestCase28" finished-at="2024-01-19T14:46:51 IST" duration-ms="3047" status="PASS">
          <reporter-output>
          </reporter-output>
        </test-method> <!-- TestCase28 -->
        <test-method is-config="true" signature="teardwn()[pri:0, instance:com.Tricentis.TestScripts.US001_TestCases@73eb439a]" started-at="2024-01-19T14:46:51 IST" name="teardwn" finished-at="2024-01-19T14:46:51 IST" duration-ms="538" status="PASS">
          <reporter-output>
          </reporter-output>
        </test-method> <!-- teardwn -->
        <test-method is-config="true" signature="launch()[pri:0, instance:com.Tricentis.TestScripts.US001_TestCases@73eb439a]" started-at="2024-01-19T14:46:51 IST" name="launch" finished-at="2024-01-19T14:47:14 IST" duration-ms="22140" status="PASS">
          <reporter-output>
          </reporter-output>
        </test-method> <!-- launch -->
        <test-method signature="TestCase29()[pri:28, instance:com.Tricentis.TestScripts.US001_TestCases@73eb439a]" started-at="2024-01-19T14:47:14 IST" name="TestCase29" finished-at="2024-01-19T14:47:16 IST" duration-ms="2160" status="PASS">
          <reporter-output>
          </reporter-output>
        </test-method> <!-- TestCase29 -->
        <test-method is-config="true" signature="teardwn()[pri:0, instance:com.Tricentis.TestScripts.US001_TestCases@73eb439a]" started-at="2024-01-19T14:47:16 IST" name="teardwn" finished-at="2024-01-19T14:47:16 IST" duration-ms="258" status="PASS">
          <reporter-output>
          </reporter-output>
        </test-method> <!-- teardwn -->
        <test-method is-config="true" signature="launch()[pri:0, instance:com.Tricentis.TestScripts.US001_TestCases@73eb439a]" started-at="2024-01-19T14:47:16 IST" name="launch" finished-at="2024-01-19T14:47:39 IST" duration-ms="23381" status="PASS">
          <reporter-output>
          </reporter-output>
        </test-method> <!-- launch -->
        <test-method signature="TestCase30()[pri:29, instance:com.Tricentis.TestScripts.US001_TestCases@73eb439a]" started-at="2024-01-19T14:47:39 IST" name="TestCase30" finished-at="2024-01-19T14:47:42 IST" duration-ms="2582" status="PASS">
          <reporter-output>
          </reporter-output>
        </test-method> <!-- TestCase30 -->
        <test-method is-config="true" signature="teardwn()[pri:0, instance:com.Tricentis.TestScripts.US001_TestCases@73eb439a]" started-at="2024-01-19T14:47:42 IST" name="teardwn" finished-at="2024-01-19T14:47:42 IST" duration-ms="346" status="PASS">
          <reporter-output>
          </reporter-output>
        </test-method> <!-- teardwn -->
        <test-method is-config="true" signature="launch()[pri:0, instance:com.Tricentis.TestScripts.US001_TestCases@73eb439a]" started-at="2024-01-19T14:47:42 IST" name="launch" finished-at="2024-01-19T14:47:48 IST" duration-ms="5712" status="PASS">
          <reporter-output>
          </reporter-output>
        </test-method> <!-- launch -->
        <test-method signature="TestCase31()[pri:30, instance:com.Tricentis.TestScripts.US001_TestCases@73eb439a]" started-at="2024-01-19T14:47:48 IST" name="TestCase31" finished-at="2024-01-19T14:48:02 IST" duration-ms="14042" status="PASS">
          <reporter-output>
          </reporter-output>
        </test-method> <!-- TestCase31 -->
        <test-method is-config="true" signature="teardwn()[pri:0, instance:com.Tricentis.TestScripts.US001_TestCases@73eb439a]" started-at="2024-01-19T14:48:02 IST" name="teardwn" finished-at="2024-01-19T14:48:03 IST" duration-ms="432" status="PASS">
          <reporter-output>
          </reporter-output>
        </test-method> <!-- teardwn -->
        <test-method is-config="true" signature="launch()[pri:0, instance:com.Tricentis.TestScripts.US001_TestCases@73eb439a]" started-at="2024-01-19T14:48:03 IST" name="launch" finished-at="2024-01-19T14:48:22 IST" duration-ms="19281" status="PASS">
          <reporter-output>
          </reporter-output>
        </test-method> <!-- launch -->
        <test-method signature="TestCase32()[pri:31, instance:com.Tricentis.TestScripts.US001_TestCases@73eb439a]" started-at="2024-01-19T14:48:22 IST" name="TestCase32" finished-at="2024-01-19T14:48:24 IST" duration-ms="2484" status="PASS">
          <reporter-output>
          </reporter-output>
        </test-method> <!-- TestCase32 -->
        <test-method is-config="true" signature="teardwn()[pri:0, instance:com.Tricentis.TestScripts.US001_TestCases@73eb439a]" started-at="2024-01-19T14:48:24 IST" name="teardwn" finished-at="2024-01-19T14:48:25 IST" duration-ms="504" status="PASS">
          <reporter-output>
          </reporter-output>
        </test-method> <!-- teardwn -->
        <test-method is-config="true" signature="launch()[pri:0, instance:com.Tricentis.TestScripts.US001_TestCases@73eb439a]" started-at="2024-01-19T14:48:25 IST" name="launch" finished-at="2024-01-19T14:48:30 IST" duration-ms="5580" status="PASS">
          <reporter-output>
          </reporter-output>
        </test-method> <!-- launch -->
        <test-method signature="TestCase33()[pri:32, instance:com.Tricentis.TestScripts.US001_TestCases@73eb439a]" started-at="2024-01-19T14:48:30 IST" name="TestCase33" finished-at="2024-01-19T14:48:44 IST" duration-ms="13996" status="PASS">
          <reporter-output>
          </reporter-output>
        </test-method> <!-- TestCase33 -->
        <test-method is-config="true" signature="teardwn()[pri:0, instance:com.Tricentis.TestScripts.US001_TestCases@73eb439a]" started-at="2024-01-19T14:48:44 IST" name="teardwn" finished-at="2024-01-19T14:48:45 IST" duration-ms="331" status="PASS">
          <reporter-output>
          </reporter-output>
        </test-method> <!-- teardwn -->
        <test-method is-config="true" signature="launch()[pri:0, instance:com.Tricentis.TestScripts.US001_TestCases@73eb439a]" started-at="2024-01-19T14:48:45 IST" name="launch" finished-at="2024-01-19T14:49:04 IST" duration-ms="19483" status="PASS">
          <reporter-output>
          </reporter-output>
        </test-method> <!-- launch -->
        <test-method signature="TestCase34()[pri:33, instance:com.Tricentis.TestScripts.US001_TestCases@73eb439a]" started-at="2024-01-19T14:49:04 IST" name="TestCase34" finished-at="2024-01-19T14:49:07 IST" duration-ms="2742" status="PASS">
          <reporter-output>
          </reporter-output>
        </test-method> <!-- TestCase34 -->
        <test-method is-config="true" signature="teardwn()[pri:0, instance:com.Tricentis.TestScripts.US001_TestCases@73eb439a]" started-at="2024-01-19T14:49:07 IST" name="teardwn" finished-at="2024-01-19T14:49:07 IST" duration-ms="259" status="PASS">
          <reporter-output>
          </reporter-output>
        </test-method> <!-- teardwn -->
        <test-method is-config="true" signature="launch()[pri:0, instance:com.Tricentis.TestScripts.US001_TestCases@73eb439a]" started-at="2024-01-19T14:49:07 IST" name="launch" finished-at="2024-01-19T14:49:25 IST" duration-ms="18141" status="PASS">
          <reporter-output>
          </reporter-output>
        </test-method> <!-- launch -->
        <test-method signature="DefectTest()[pri:34, instance:com.Tricentis.TestScripts.US001_TestCases@73eb439a]" started-at="2024-01-19T14:49:25 IST" name="DefectTest" finished-at="2024-01-19T14:49:47 IST" duration-ms="21699" status="PASS">
          <reporter-output>
          </reporter-output>
        </test-method> <!-- DefectTest -->
        <test-method is-config="true" signature="teardwn()[pri:0, instance:com.Tricentis.TestScripts.US001_TestCases@73eb439a]" started-at="2024-01-19T14:49:47 IST" name="teardwn" finished-at="2024-01-19T14:49:48 IST" duration-ms="791" status="PASS">
          <reporter-output>
          </reporter-output>
        </test-method> <!-- teardwn -->
        <test-method is-config="true" signature="FlushReoprts()[pri:0, instance:com.Tricentis.TestScripts.US001_TestCases@73eb439a]" started-at="2024-01-19T15:05:27 IST" name="FlushReoprts" finished-at="2024-01-19T15:05:28 IST" duration-ms="518" status="PASS">
          <reporter-output>
          </reporter-output>
        </test-method> <!-- FlushReoprts -->
      </class> <!-- com.Tricentis.TestScripts.US001_TestCases -->
    </test> <!-- Test -->
  </suite> <!-- Suite -->
</testng-results>
